<?xml version="1.0" encoding="UTF-8"?>
<!-- Generated by org.testng.reporters.JUnitReportReporter -->
<testsuite hostname="Minas-MacBook-Pro.local" name="unittesting.mock.SpyTest" tests="2" failures="0" timestamp="13 May 2019 18:12:48 GMT" time="0.423" errors="0">
  <testcase name="SpyTest" time="0.400" classname="unittesting.mock.SpyTest"/>
  <testcase name="testCallMethodThatIsNotMocked" time="0.023" classname="unittesting.mock.SpyTest"/>
</testsuite> <!-- unittesting.mock.SpyTest -->
