<?xml version="1.0" encoding="UTF-8"?>
<!-- Generated by org.testng.reporters.JUnitReportReporter -->
<testsuite hostname="Minas-MacBook-Pro.local" name="unittesting.parcijalni.UnitServiceTest" tests="4" failures="0" timestamp="24 May 2019 07:41:07 GMT" time="0.261" errors="0">
  <testcase name="testPasswordWithDigit" time="0.001" classname="unittesting.parcijalni.UnitServiceTest"/>
  <testcase name="testPasswordWithoutDigit" time="0.001" classname="unittesting.parcijalni.UnitServiceTest"/>
  <testcase name="testNullUser" time="0.001" classname="unittesting.parcijalni.UnitServiceTest"/>
  <testcase name="testNonEqualsPassword" time="0.258" classname="unittesting.parcijalni.UnitServiceTest"/>
</testsuite> <!-- unittesting.parcijalni.UnitServiceTest -->
