<?xml version="1.0" encoding="UTF-8"?>
<!-- Generated by org.testng.reporters.JUnitReportReporter -->
<testsuite hostname="Minas-MacBook-Pro.local" name="unittesting.customer.Zadatak2" tests="2" failures="0" timestamp="15 May 2019 14:03:12 GMT" time="0.234" errors="0">
  <testcase name="testFindCustomerFullName" time="0.234" classname="unittesting.customer.Zadatak2"/>
  <testcase name="testFindCustomerNotExist" time="0.000" classname="unittesting.customer.Zadatak2"/>
</testsuite> <!-- unittesting.customer.Zadatak2 -->
