<?xml version="1.0" encoding="UTF-8"?>
<!-- Generated by org.testng.reporters.JUnitReportReporter -->
<testsuite hostname="Minas-MacBook-Pro.local" name="unittesting.mock.LoginServiceTest" tests="1" failures="0" timestamp="13 May 2019 17:32:08 GMT" time="0.228" errors="0">
  <testcase name="loginBasicFalse" time="0.228" classname="unittesting.mock.LoginServiceTest"/>
</testsuite> <!-- unittesting.mock.LoginServiceTest -->
