<?xml version="1.0" encoding="UTF-8"?>
<!-- Generated by org.testng.reporters.JUnitReportReporter -->
<testsuite hostname="Minas-MacBook-Pro.local" name="unittesting.country.CountryServiceTest" tests="4" failures="0" timestamp="13 May 2019 18:31:31 GMT" time="0.256" errors="0">
  <testcase name="testClassifyCountry1" time="0.012" classname="unittesting.country.CountryServiceTest"/>
  <testcase name="testClassifyCountry2" time="0.001" classname="unittesting.country.CountryServiceTest"/>
  <testcase name="testClassifyCountry3" time="0.002" classname="unittesting.country.CountryServiceTest"/>
  <testcase name="testClassifyCountryNoResult" time="0.241" classname="unittesting.country.CountryServiceTest"/>
</testsuite> <!-- unittesting.country.CountryServiceTest -->
