<?xml version="1.0" encoding="UTF-8"?>
<!-- Generated by org.testng.reporters.JUnitReportReporter -->
<testsuite hostname="Minas-MacBook-Pro.local" name="unittesting.customer.Zadatak1" tests="4" failures="0" timestamp="15 May 2019 14:02:47 GMT" time="0.012" errors="0">
  <testcase name="testCheckCustomerNegativeCreditCardNumber" time="0.001" classname="unittesting.customer.Zadatak1"/>
  <testcase name="testCheckCustomerCreditCardNumberWithExeptions" time="0.008" classname="unittesting.customer.Zadatak1"/>
  <testcase name="testCheckCustomerNegativeCreditCardNumber" time="0.001" classname="unittesting.customer.Zadatak1"/>
  <testcase name="testCheckCustomerNegativeCreditCardNumber" time="0.002" classname="unittesting.customer.Zadatak1"/>
</testsuite> <!-- unittesting.customer.Zadatak1 -->
